INFO [2025-07-06 15:49:33] [[1]]
INFO [2025-07-06 15:49:33] gene_lists
INFO [2025-07-06 15:49:33] 
INFO [2025-07-06 15:49:33] $filename
INFO [2025-07-06 15:49:33] NULL
INFO [2025-07-06 15:49:33] 
INFO [2025-07-06 15:49:33] $fill
INFO [2025-07-06 15:49:33] rainbow(length(gene_lists))
INFO [2025-07-06 15:49:33] 
INFO [2025-07-06 15:49:33] $scaled
INFO [2025-07-06 15:49:33] [1] FALSE
INFO [2025-07-06 15:49:33] 
INFO [2025-07-06 15:49:33] $cat.pos
INFO [2025-07-06 15:49:33] c(-1, 0, 1)
INFO [2025-07-06 15:49:33] 
INFO [2025-07-06 15:49:33] $cat.col
INFO [2025-07-06 15:49:33] rainbow(length(gene_lists))
INFO [2025-07-06 15:49:33] 
INFO [2025-07-06 15:49:33] $cat.cex
INFO [2025-07-06 15:49:33] [1] 1.2
INFO [2025-07-06 15:49:33] 
